number,value,datetime_start,datetime_complete,duration,params_beta1,params_feature_maps,params_latent_dim,params_lr,state
0,0.856832149662549,2026-04-18 16:17:08.776568,2026-04-18 16:20:22.273827,0 days 00:03:13.497259,0.0,96,64,0.00018272261776066238,COMPLETE
1,0.8525921430768846,2026-04-18 16:20:22.402472,2026-04-18 16:23:13.542166,0 days 00:02:51.139694,0.0,96,128,0.000263124545105745,COMPLETE
2,0.8714531833612467,2026-04-18 16:23:13.652531,2026-04-18 16:25:53.046686,0 days 00:02:39.394155,0.0,96,64,0.00016317596956423415,COMPLETE
3,0.8224058219149143,2026-04-18 16:25:53.164110,2026-04-18 16:28:02.163555,0 days 00:02:08.999445,0.0,64,64,0.000208343156115295,COMPLETE
4,0.8807832372339466,2026-04-18 16:28:02.306945,2026-04-18 16:30:48.974573,0 days 00:02:46.667628,0.0,64,100,0.00011103735608516835,COMPLETE
5,1.8901164365720144,2026-04-18 16:30:49.148237,2026-04-18 16:32:05.001568,0 days 00:01:15.853331,0.5,96,128,0.00012170293883738795,PRUNED
6,0.826103929477402,2026-04-18 16:32:05.177274,2026-04-18 16:35:29.717674,0 days 00:03:24.540400,0.0,96,100,0.00024106495902171608,COMPLETE
7,1.1147801657266254,2026-04-18 16:35:29.824148,2026-04-18 16:36:16.928719,0 days 00:00:47.104571,0.0,64,128,0.00011530645080977568,PRUNED
8,1.6727386773387087,2026-04-18 16:36:17.040935,2026-04-18 16:37:16.373888,0 days 00:00:59.332953,0.5,64,128,0.0001571682420165152,PRUNED
9,1.1100044378751441,2026-04-18 16:37:16.535138,2026-04-18 16:38:21.918379,0 days 00:01:05.383241,0.0,64,64,0.00010089271157862034,PRUNED
10,1.5474988131583491,2026-04-18 16:38:22.067019,2026-04-18 16:39:29.765610,0 days 00:01:07.698591,0.5,64,64,0.000441116156088184,PRUNED
11,1.1290082380741457,2026-04-18 16:39:29.928789,2026-04-18 16:40:35.879651,0 days 00:01:05.950862,0.0,96,100,0.0002760878914099801,PRUNED
12,1.1068068365507489,2026-04-18 16:40:36.000356,2026-04-18 16:41:23.819429,0 days 00:00:47.819073,0.0,64,100,0.00035296659035647846,PRUNED
13,1.134673146507408,2026-04-18 16:41:23.954325,2026-04-18 16:42:22.118039,0 days 00:00:58.163714,0.0,96,100,0.0002104577861136812,PRUNED
14,1.703560454935967,2026-04-18 16:42:22.243485,2026-04-18 16:43:09.518019,0 days 00:00:47.274534,0.5,64,64,0.00026570736628526027,PRUNED
15,1.1023660407790654,2026-04-18 16:43:09.665692,2026-04-18 16:44:09.895577,0 days 00:01:00.229885,0.0,96,100,0.00033492394337213214,PRUNED
16,0.8443417971647238,2026-04-18 16:44:10.061616,2026-04-18 16:47:01.005215,0 days 00:02:50.943599,0.0,64,100,0.0002367525166922714,COMPLETE
17,1.110452599917786,2026-04-18 16:47:01.163058,2026-04-18 16:48:03.311298,0 days 00:01:02.148240,0.0,96,64,0.00020124633786554108,PRUNED
18,1.860893990420088,2026-04-18 16:48:03.436939,2026-04-18 16:49:00.437035,0 days 00:00:57.000096,0.5,96,64,0.00014356212134130405,PRUNED
19,0.8212401285956178,2026-04-18 16:49:00.571772,2026-04-18 16:51:58.372123,0 days 00:02:57.800351,0.0,64,100,0.0003273123869493239,COMPLETE
20,0.8068485859828659,2026-04-18 16:51:58.547383,2026-04-18 16:54:58.290888,0 days 00:02:59.743505,0.0,64,100,0.0004987691077757705,COMPLETE
21,1.097177202188516,2026-04-18 16:54:58.458967,2026-04-18 16:56:04.089015,0 days 00:01:05.630048,0.0,64,100,0.00045616767885659946,PRUNED
22,0.7947788268704957,2026-04-18 16:56:04.242700,2026-04-18 16:58:58.838547,0 days 00:02:54.595847,0.0,64,100,0.00037796394821210165,COMPLETE
23,0.812081468256214,2026-04-18 16:58:59.027839,2026-04-18 17:01:48.467780,0 days 00:02:49.439941,0.0,64,100,0.0004983385346461011,COMPLETE
24,0.7972540870497499,2026-04-18 17:01:48.636458,2026-04-18 17:04:45.678279,0 days 00:02:57.041821,0.0,64,100,0.00048671332070909356,COMPLETE
25,1.0915811944611464,2026-04-18 17:04:45.888801,2026-04-18 17:05:52.072104,0 days 00:01:06.183303,0.0,64,100,0.0003858567492738429,PRUNED
26,1.8284817451163182,2026-04-18 17:05:52.211769,2026-04-18 17:06:55.395169,0 days 00:01:03.183400,0.5,64,100,0.0004060157283658551,PRUNED
27,1.07986253273638,2026-04-18 17:06:55.543735,2026-04-18 17:07:58.942335,0 days 00:01:03.398600,0.0,64,100,0.0004985144547203018,PRUNED
28,1.1057310557063622,2026-04-18 17:07:59.118935,2026-04-18 17:09:03.184796,0 days 00:01:04.065861,0.0,64,100,0.0003819750866001845,PRUNED
29,1.1049658052528961,2026-04-18 17:09:03.345778,2026-04-18 17:10:06.759259,0 days 00:01:03.413481,0.0,64,100,0.00030040826174697555,PRUNED
30,1.0919787182083613,2026-04-18 17:10:06.937170,2026-04-18 17:11:11.837930,0 days 00:01:04.900760,0.0,64,100,0.0004333342584003189,PRUNED
31,1.088254628302176,2026-04-18 17:11:12.038504,2026-04-18 17:12:16.435895,0 days 00:01:04.397391,0.0,64,100,0.0004962153816006415,PRUNED
32,1.1143267252777196,2026-04-18 17:12:16.641764,2026-04-18 17:13:21.487887,0 days 00:01:04.846123,0.0,64,100,0.0004988126990698011,PRUNED
33,1.0840327679356443,2026-04-18 17:13:21.638278,2026-04-18 17:14:28.347904,0 days 00:01:06.709626,0.0,64,100,0.0004164638418322029,PRUNED
34,1.085281499578983,2026-04-18 17:14:28.502754,2026-04-18 17:15:32.996291,0 days 00:01:04.493537,0.0,64,128,0.0003626093650999806,PRUNED
